0 info it worked if it ends with ok
1 verbose cli [ '/usr/bin/nodejs', '/usr/bin/npm', 'install', '-g', 'Sass' ]
2 info using npm@1.3.10
3 info using node@v0.10.25
4 verbose cache add [ 'Sass', null ]
5 verbose cache add name=undefined spec="Sass" args=["Sass",null]
6 verbose parsed url { protocol: null,
6 verbose parsed url   slashes: null,
6 verbose parsed url   auth: null,
6 verbose parsed url   host: null,
6 verbose parsed url   port: null,
6 verbose parsed url   hostname: null,
6 verbose parsed url   hash: null,
6 verbose parsed url   search: null,
6 verbose parsed url   query: null,
6 verbose parsed url   pathname: 'Sass',
6 verbose parsed url   path: 'Sass',
6 verbose parsed url   href: 'Sass' }
7 silly lockFile b6eeeb3a-Sass Sass
8 verbose lock Sass /home/stijn/.npm/b6eeeb3a-Sass.lock
9 silly lockFile b6eeeb3a-Sass Sass
10 silly lockFile b6eeeb3a-Sass Sass
11 verbose addNamed [ 'Sass', '' ]
12 verbose addNamed [ null, '*' ]
13 silly lockFile 4c98af7f-Sass Sass@
14 verbose lock Sass@ /home/stijn/.npm/4c98af7f-Sass.lock
15 silly addNameRange { name: 'Sass', range: '*', hasData: false }
16 verbose url raw Sass
17 verbose url resolving [ 'https://registry.npmjs.org/', './Sass' ]
18 verbose url resolved https://registry.npmjs.org/Sass
19 info trying registry request attempt 1 at 14:01:33
20 http GET https://registry.npmjs.org/Sass
21 http 404 https://registry.npmjs.org/Sass
22 silly registry.get cb [ 404,
22 silly registry.get   { date: 'Wed, 22 Oct 2014 12:01:33 GMT',
22 silly registry.get     server: 'CouchDB/1.5.0 (Erlang OTP/R16B03)',
22 silly registry.get     'content-type': 'application/json',
22 silly registry.get     'cache-control': 'max-age=0',
22 silly registry.get     'content-length': '52',
22 silly registry.get     'accept-ranges': 'bytes',
22 silly registry.get     via: '1.1 varnish',
22 silly registry.get     age: '0',
22 silly registry.get     'x-served-by': 'cache-ams4131-AMS',
22 silly registry.get     'x-cache': 'MISS',
22 silly registry.get     'x-cache-hits': '0',
22 silly registry.get     'x-timer': 'S1413979293.821477,VS0,VE93',
22 silly registry.get     'keep-alive': 'timeout=10, max=50',
22 silly registry.get     connection: 'Keep-Alive' } ]
23 silly lockFile 4c98af7f-Sass Sass@
24 silly lockFile 4c98af7f-Sass Sass@
25 error 404 'Sass' is not in the npm registry.
25 error 404 You should bug the author to publish it
25 error 404
25 error 404 Note that you can also install from a
25 error 404 tarball, folder, or http url, or git url.
26 error System Linux 3.13.0-37-generic
27 error command "/usr/bin/nodejs" "/usr/bin/npm" "install" "-g" "Sass"
28 error cwd /var/www/frontend2/eindopdracht
29 error node -v v0.10.25
30 error npm -v 1.3.10
31 error code E404
32 verbose exit [ 1, true ]
